<?xml version="1.0" encoding="UTF-8"?>
<!-- Generated by org.testng.reporters.JUnitReportReporter -->
<testsuite hostname="DESKTOP-NPOGQ3C" failures="0" tests="4" name="MyTestCases" time="0.167" errors="0" timestamp="2024-11-23T03:40:15 EET" skipped="0">
  <testcase classname="MyTestCases" name="AddDatatoMyDB" time="0.046"/>
  <system-out/>
  <testcase classname="MyTestCases" name="updateData" time="0.010"/>
  <system-out/>
  <testcase classname="MyTestCases" name="readData" time="0.101"/>
  <system-out/>
  <testcase classname="MyTestCases" name="deleteData" time="0.010"/>
  <system-out/>
</testsuite> <!-- MyTestCases -->
